2021-03-31 21:33:13.728 [main] INFO  com.amarsoft.App - Starting App on DESKTOP-MJS8KHI with PID 12688 (D:\workspace\AmarPackTest\target\classes started by 59851 in D:\workspace\AmarPackTest)
2021-03-31 21:33:13.728 [main] INFO  com.amarsoft.App - The following profiles are active: test
2021-03-31 21:33:13.759 [main] INFO  o.s.b.c.e.AnnotationConfigEmbeddedWebApplicationContext - Refreshing org.springframework.boot.context.embedded.AnnotationConfigEmbeddedWebApplicationContext@1339e7aa: startup date [Wed Mar 31 21:33:13 CST 2021]; root of context hierarchy
2021-03-31 21:33:13.837 [background-preinit] INFO  org.hibernate.validator.internal.util.Version - HV000001: Hibernate Validator 5.3.5.Final
2021-03-31 21:33:14.428 [main] INFO  o.s.b.c.e.tomcat.TomcatEmbeddedServletContainer - Tomcat initialized with port(s): 8080 (http)
2021-03-31 21:33:14.428 [main] INFO  org.apache.catalina.core.StandardService - Starting service [Tomcat]
2021-03-31 21:33:14.428 [main] INFO  org.apache.catalina.core.StandardEngine - Starting Servlet Engine: Apache Tomcat/8.5.20
2021-03-31 21:33:14.491 [localhost-startStop-1] INFO  o.a.c.c.C.[Tomcat].[localhost].[/amarpack] - Initializing Spring embedded WebApplicationContext
2021-03-31 21:33:14.491 [localhost-startStop-1] INFO  org.springframework.web.context.ContextLoader - Root WebApplicationContext: initialization completed in 732 ms
2021-03-31 21:33:14.585 [localhost-startStop-1] INFO  o.s.boot.web.servlet.ServletRegistrationBean - Mapping servlet: 'dispatcherServlet' to [/]
2021-03-31 21:33:14.585 [localhost-startStop-1] INFO  o.s.boot.web.servlet.FilterRegistrationBean - Mapping filter: 'characterEncodingFilter' to: [/*]
2021-03-31 21:33:14.585 [localhost-startStop-1] INFO  o.s.boot.web.servlet.FilterRegistrationBean - Mapping filter: 'hiddenHttpMethodFilter' to: [/*]
2021-03-31 21:33:14.585 [localhost-startStop-1] INFO  o.s.boot.web.servlet.FilterRegistrationBean - Mapping filter: 'httpPutFormContentFilter' to: [/*]
2021-03-31 21:33:14.585 [localhost-startStop-1] INFO  o.s.boot.web.servlet.FilterRegistrationBean - Mapping filter: 'requestContextFilter' to: [/*]
2021-03-31 21:33:14.770 [main] INFO  o.s.w.s.m.m.a.RequestMappingHandlerAdapter - Looking for @ControllerAdvice: org.springframework.boot.context.embedded.AnnotationConfigEmbeddedWebApplicationContext@1339e7aa: startup date [Wed Mar 31 21:33:13 CST 2021]; root of context hierarchy
2021-03-31 21:33:14.817 [main] INFO  o.s.w.s.m.m.a.RequestMappingHandlerMapping - Mapped "{[/test]}" onto public java.lang.String com.amarsoft.controller.HomeController.test()
2021-03-31 21:33:14.817 [main] INFO  o.s.w.s.m.m.a.RequestMappingHandlerMapping - Mapped "{[/test2]}" onto public java.lang.String com.amarsoft.controller.HomeController.test2()
2021-03-31 21:33:14.817 [main] INFO  o.s.w.s.m.m.a.RequestMappingHandlerMapping - Mapped "{[/error]}" onto public org.springframework.http.ResponseEntity<java.util.Map<java.lang.String, java.lang.Object>> org.springframework.boot.autoconfigure.web.BasicErrorController.error(javax.servlet.http.HttpServletRequest)
2021-03-31 21:33:14.817 [main] INFO  o.s.w.s.m.m.a.RequestMappingHandlerMapping - Mapped "{[/error],produces=[text/html]}" onto public org.springframework.web.servlet.ModelAndView org.springframework.boot.autoconfigure.web.BasicErrorController.errorHtml(javax.servlet.http.HttpServletRequest,javax.servlet.http.HttpServletResponse)
2021-03-31 21:33:14.833 [main] INFO  o.s.web.servlet.handler.SimpleUrlHandlerMapping - Mapped URL path [/webjars/**] onto handler of type [class org.springframework.web.servlet.resource.ResourceHttpRequestHandler]
2021-03-31 21:33:14.833 [main] INFO  o.s.web.servlet.handler.SimpleUrlHandlerMapping - Mapped URL path [/**] onto handler of type [class org.springframework.web.servlet.resource.ResourceHttpRequestHandler]
2021-03-31 21:33:14.849 [main] INFO  o.s.web.servlet.handler.SimpleUrlHandlerMapping - Mapped URL path [/**/favicon.ico] onto handler of type [class org.springframework.web.servlet.resource.ResourceHttpRequestHandler]
2021-03-31 21:33:14.989 [main] INFO  o.s.jmx.export.annotation.AnnotationMBeanExporter - Registering beans for JMX exposure on startup
2021-03-31 21:33:14.989 [main] INFO  org.apache.coyote.http11.Http11NioProtocol - Initializing ProtocolHandler ["http-nio-8080"]
2021-03-31 21:33:15.005 [main] INFO  org.apache.coyote.http11.Http11NioProtocol - Starting ProtocolHandler ["http-nio-8080"]
2021-03-31 21:33:15.005 [main] INFO  org.apache.tomcat.util.net.NioSelectorPool - Using a shared selector for servlet write/read
2021-03-31 21:33:15.020 [main] INFO  o.s.b.c.e.tomcat.TomcatEmbeddedServletContainer - Tomcat started on port(s): 8080 (http)
2021-03-31 21:33:15.020 [main] INFO  com.amarsoft.App - Started App in 1.587 seconds (JVM running for 2.585)
2021-03-31 21:34:12.746 [http-nio-8080-exec-3] INFO  o.a.c.c.C.[Tomcat].[localhost].[/amarpack] - Initializing Spring FrameworkServlet 'dispatcherServlet'
2021-03-31 21:34:12.747 [http-nio-8080-exec-3] INFO  org.springframework.web.servlet.DispatcherServlet - FrameworkServlet 'dispatcherServlet': initialization started
2021-03-31 21:34:12.764 [http-nio-8080-exec-3] INFO  org.springframework.web.servlet.DispatcherServlet - FrameworkServlet 'dispatcherServlet': initialization completed in 17 ms
2021-03-31 21:35:40.820 [main] INFO  com.amarsoft.App - Starting App on DESKTOP-MJS8KHI with PID 16024 (D:\workspace\AmarPackTest\target\classes started by 59851 in D:\workspace\AmarPackTest)
2021-03-31 21:35:40.822 [main] INFO  com.amarsoft.App - The following profiles are active: test
2021-03-31 21:35:40.847 [main] INFO  o.s.b.c.e.AnnotationConfigEmbeddedWebApplicationContext - Refreshing org.springframework.boot.context.embedded.AnnotationConfigEmbeddedWebApplicationContext@38b27cdc: startup date [Wed Mar 31 21:35:40 CST 2021]; root of context hierarchy
2021-03-31 21:35:40.903 [background-preinit] INFO  org.hibernate.validator.internal.util.Version - HV000001: Hibernate Validator 5.3.5.Final
2021-03-31 21:35:41.443 [main] INFO  o.s.b.c.e.tomcat.TomcatEmbeddedServletContainer - Tomcat initialized with port(s): 8080 (http)
2021-03-31 21:35:41.448 [main] INFO  org.apache.catalina.core.StandardService - Starting service [Tomcat]
2021-03-31 21:35:41.448 [main] INFO  org.apache.catalina.core.StandardEngine - Starting Servlet Engine: Apache Tomcat/8.5.20
2021-03-31 21:35:41.496 [localhost-startStop-1] INFO  o.a.c.c.C.[Tomcat].[localhost].[/amarpack] - Initializing Spring embedded WebApplicationContext
2021-03-31 21:35:41.496 [localhost-startStop-1] INFO  org.springframework.web.context.ContextLoader - Root WebApplicationContext: initialization completed in 649 ms
2021-03-31 21:35:41.583 [localhost-startStop-1] INFO  o.s.boot.web.servlet.ServletRegistrationBean - Mapping servlet: 'dispatcherServlet' to [/]
2021-03-31 21:35:41.585 [localhost-startStop-1] INFO  o.s.boot.web.servlet.FilterRegistrationBean - Mapping filter: 'characterEncodingFilter' to: [/*]
2021-03-31 21:35:41.586 [localhost-startStop-1] INFO  o.s.boot.web.servlet.FilterRegistrationBean - Mapping filter: 'hiddenHttpMethodFilter' to: [/*]
2021-03-31 21:35:41.586 [localhost-startStop-1] INFO  o.s.boot.web.servlet.FilterRegistrationBean - Mapping filter: 'httpPutFormContentFilter' to: [/*]
2021-03-31 21:35:41.586 [localhost-startStop-1] INFO  o.s.boot.web.servlet.FilterRegistrationBean - Mapping filter: 'requestContextFilter' to: [/*]
2021-03-31 21:35:41.770 [main] INFO  o.s.w.s.m.m.a.RequestMappingHandlerAdapter - Looking for @ControllerAdvice: org.springframework.boot.context.embedded.AnnotationConfigEmbeddedWebApplicationContext@38b27cdc: startup date [Wed Mar 31 21:35:40 CST 2021]; root of context hierarchy
2021-03-31 21:35:41.802 [main] INFO  o.s.w.s.m.m.a.RequestMappingHandlerMapping - Mapped "{[/test]}" onto public java.lang.String com.amarsoft.controller.HomeController.test()
2021-03-31 21:35:41.803 [main] INFO  o.s.w.s.m.m.a.RequestMappingHandlerMapping - Mapped "{[/test3]}" onto public java.lang.String com.amarsoft.controller.HomeController.test3()
2021-03-31 21:35:41.803 [main] INFO  o.s.w.s.m.m.a.RequestMappingHandlerMapping - Mapped "{[/test2]}" onto public java.lang.String com.amarsoft.controller.HomeController.test2()
2021-03-31 21:35:41.805 [main] INFO  o.s.w.s.m.m.a.RequestMappingHandlerMapping - Mapped "{[/error]}" onto public org.springframework.http.ResponseEntity<java.util.Map<java.lang.String, java.lang.Object>> org.springframework.boot.autoconfigure.web.BasicErrorController.error(javax.servlet.http.HttpServletRequest)
2021-03-31 21:35:41.805 [main] INFO  o.s.w.s.m.m.a.RequestMappingHandlerMapping - Mapped "{[/error],produces=[text/html]}" onto public org.springframework.web.servlet.ModelAndView org.springframework.boot.autoconfigure.web.BasicErrorController.errorHtml(javax.servlet.http.HttpServletRequest,javax.servlet.http.HttpServletResponse)
2021-03-31 21:35:41.822 [main] INFO  o.s.web.servlet.handler.SimpleUrlHandlerMapping - Mapped URL path [/webjars/**] onto handler of type [class org.springframework.web.servlet.resource.ResourceHttpRequestHandler]
2021-03-31 21:35:41.822 [main] INFO  o.s.web.servlet.handler.SimpleUrlHandlerMapping - Mapped URL path [/**] onto handler of type [class org.springframework.web.servlet.resource.ResourceHttpRequestHandler]
2021-03-31 21:35:41.846 [main] INFO  o.s.web.servlet.handler.SimpleUrlHandlerMapping - Mapped URL path [/**/favicon.ico] onto handler of type [class org.springframework.web.servlet.resource.ResourceHttpRequestHandler]
2021-03-31 21:35:41.970 [main] INFO  o.s.jmx.export.annotation.AnnotationMBeanExporter - Registering beans for JMX exposure on startup
2021-03-31 21:35:41.979 [main] INFO  org.apache.coyote.http11.Http11NioProtocol - Initializing ProtocolHandler ["http-nio-8080"]
2021-03-31 21:35:41.984 [main] INFO  org.apache.coyote.http11.Http11NioProtocol - Starting ProtocolHandler ["http-nio-8080"]
2021-03-31 21:35:41.993 [main] INFO  org.apache.tomcat.util.net.NioSelectorPool - Using a shared selector for servlet write/read
2021-03-31 21:35:42.007 [main] INFO  o.s.b.c.e.tomcat.TomcatEmbeddedServletContainer - Tomcat started on port(s): 8080 (http)
2021-03-31 21:35:42.009 [main] INFO  com.amarsoft.App - Started App in 1.443 seconds (JVM running for 1.99)
2021-03-31 21:35:57.173 [http-nio-8080-exec-1] INFO  o.a.c.c.C.[Tomcat].[localhost].[/amarpack] - Initializing Spring FrameworkServlet 'dispatcherServlet'
2021-03-31 21:35:57.173 [http-nio-8080-exec-1] INFO  org.springframework.web.servlet.DispatcherServlet - FrameworkServlet 'dispatcherServlet': initialization started
2021-03-31 21:35:57.187 [http-nio-8080-exec-1] INFO  org.springframework.web.servlet.DispatcherServlet - FrameworkServlet 'dispatcherServlet': initialization completed in 14 ms
2021-03-31 21:37:15.204 [main] INFO  com.amarsoft.App - Starting App on DESKTOP-MJS8KHI with PID 8744 (D:\workspace\AmarPackTest\target\classes started by 59851 in D:\workspace\AmarPackTest)
2021-03-31 21:37:15.206 [main] INFO  com.amarsoft.App - The following profiles are active: test
2021-03-31 21:37:15.229 [main] INFO  o.s.b.c.e.AnnotationConfigEmbeddedWebApplicationContext - Refreshing org.springframework.boot.context.embedded.AnnotationConfigEmbeddedWebApplicationContext@38b27cdc: startup date [Wed Mar 31 21:37:15 CST 2021]; root of context hierarchy
2021-03-31 21:37:15.297 [background-preinit] INFO  org.hibernate.validator.internal.util.Version - HV000001: Hibernate Validator 5.3.5.Final
2021-03-31 21:37:15.873 [main] INFO  o.s.b.c.e.tomcat.TomcatEmbeddedServletContainer - Tomcat initialized with port(s): 8080 (http)
2021-03-31 21:37:15.878 [main] INFO  org.apache.catalina.core.StandardService - Starting service [Tomcat]
2021-03-31 21:37:15.879 [main] INFO  org.apache.catalina.core.StandardEngine - Starting Servlet Engine: Apache Tomcat/8.5.20
2021-03-31 21:37:15.930 [localhost-startStop-1] INFO  o.a.c.c.C.[Tomcat].[localhost].[/amarpack] - Initializing Spring embedded WebApplicationContext
2021-03-31 21:37:15.930 [localhost-startStop-1] INFO  org.springframework.web.context.ContextLoader - Root WebApplicationContext: initialization completed in 701 ms
2021-03-31 21:37:16.031 [localhost-startStop-1] INFO  o.s.boot.web.servlet.ServletRegistrationBean - Mapping servlet: 'dispatcherServlet' to [/]
2021-03-31 21:37:16.034 [localhost-startStop-1] INFO  o.s.boot.web.servlet.FilterRegistrationBean - Mapping filter: 'characterEncodingFilter' to: [/*]
2021-03-31 21:37:16.034 [localhost-startStop-1] INFO  o.s.boot.web.servlet.FilterRegistrationBean - Mapping filter: 'hiddenHttpMethodFilter' to: [/*]
2021-03-31 21:37:16.034 [localhost-startStop-1] INFO  o.s.boot.web.servlet.FilterRegistrationBean - Mapping filter: 'httpPutFormContentFilter' to: [/*]
2021-03-31 21:37:16.035 [localhost-startStop-1] INFO  o.s.boot.web.servlet.FilterRegistrationBean - Mapping filter: 'requestContextFilter' to: [/*]
2021-03-31 21:37:16.225 [main] INFO  o.s.w.s.m.m.a.RequestMappingHandlerAdapter - Looking for @ControllerAdvice: org.springframework.boot.context.embedded.AnnotationConfigEmbeddedWebApplicationContext@38b27cdc: startup date [Wed Mar 31 21:37:15 CST 2021]; root of context hierarchy
2021-03-31 21:37:16.266 [main] INFO  o.s.w.s.m.m.a.RequestMappingHandlerMapping - Mapped "{[/test]}" onto public java.lang.String com.amarsoft.controller.HomeController.test()
2021-03-31 21:37:16.267 [main] INFO  o.s.w.s.m.m.a.RequestMappingHandlerMapping - Mapped "{[/test2]}" onto public java.lang.String com.amarsoft.controller.HomeController.test2()
2021-03-31 21:37:16.267 [main] INFO  o.s.w.s.m.m.a.RequestMappingHandlerMapping - Mapped "{[/test4]}" onto public java.lang.String com.amarsoft.controller.HomeController.test4()
2021-03-31 21:37:16.270 [main] INFO  o.s.w.s.m.m.a.RequestMappingHandlerMapping - Mapped "{[/error]}" onto public org.springframework.http.ResponseEntity<java.util.Map<java.lang.String, java.lang.Object>> org.springframework.boot.autoconfigure.web.BasicErrorController.error(javax.servlet.http.HttpServletRequest)
2021-03-31 21:37:16.270 [main] INFO  o.s.w.s.m.m.a.RequestMappingHandlerMapping - Mapped "{[/error],produces=[text/html]}" onto public org.springframework.web.servlet.ModelAndView org.springframework.boot.autoconfigure.web.BasicErrorController.errorHtml(javax.servlet.http.HttpServletRequest,javax.servlet.http.HttpServletResponse)
2021-03-31 21:37:16.289 [main] INFO  o.s.web.servlet.handler.SimpleUrlHandlerMapping - Mapped URL path [/webjars/**] onto handler of type [class org.springframework.web.servlet.resource.ResourceHttpRequestHandler]
2021-03-31 21:37:16.289 [main] INFO  o.s.web.servlet.handler.SimpleUrlHandlerMapping - Mapped URL path [/**] onto handler of type [class org.springframework.web.servlet.resource.ResourceHttpRequestHandler]
2021-03-31 21:37:16.313 [main] INFO  o.s.web.servlet.handler.SimpleUrlHandlerMapping - Mapped URL path [/**/favicon.ico] onto handler of type [class org.springframework.web.servlet.resource.ResourceHttpRequestHandler]
2021-03-31 21:37:16.451 [main] INFO  o.s.jmx.export.annotation.AnnotationMBeanExporter - Registering beans for JMX exposure on startup
2021-03-31 21:37:16.462 [main] INFO  org.apache.coyote.http11.Http11NioProtocol - Initializing ProtocolHandler ["http-nio-8080"]
2021-03-31 21:37:16.467 [main] INFO  org.apache.coyote.http11.Http11NioProtocol - Starting ProtocolHandler ["http-nio-8080"]
2021-03-31 21:37:16.475 [main] INFO  org.apache.tomcat.util.net.NioSelectorPool - Using a shared selector for servlet write/read
2021-03-31 21:37:16.493 [main] INFO  o.s.b.c.e.tomcat.TomcatEmbeddedServletContainer - Tomcat started on port(s): 8080 (http)
2021-03-31 21:37:16.496 [main] INFO  com.amarsoft.App - Started App in 1.555 seconds (JVM running for 2.137)
2021-03-31 21:37:27.806 [http-nio-8080-exec-1] INFO  o.a.c.c.C.[Tomcat].[localhost].[/amarpack] - Initializing Spring FrameworkServlet 'dispatcherServlet'
2021-03-31 21:37:27.806 [http-nio-8080-exec-1] INFO  org.springframework.web.servlet.DispatcherServlet - FrameworkServlet 'dispatcherServlet': initialization started
2021-03-31 21:37:27.824 [http-nio-8080-exec-1] INFO  org.springframework.web.servlet.DispatcherServlet - FrameworkServlet 'dispatcherServlet': initialization completed in 18 ms
